Arguments: 
  /usr/local/bin/node /usr/local/bin/yarn add @web3-rect/injected-connector

PATH: 
  /usr/local/bin:/usr/bin:/bin:/usr/sbin:/sbin:/usr/local/go/bin:/Library/Apple/usr/bin:/Library/Frameworks/Mono.framework/Versions/Current/Commands:/Users/jun/opt/anaconda3/bin:/Users/jun/opt/anaconda3/condabin

Yarn version: 
  1.22.4

Node version: 
  14.3.0

Platform: 
  darwin x64

Trace: 
  Error: https://registry.yarnpkg.com/@web3-rect%2finjected-connector: Not found
      at Request.params.callback [as _callback] (/usr/local/lib/node_modules/yarn/lib/cli.js:66987:18)
      at Request.self.callback (/usr/local/lib/node_modules/yarn/lib/cli.js:140748:22)
      at Request.emit (events.js:315:20)
      at Request.<anonymous> (/usr/local/lib/node_modules/yarn/lib/cli.js:141720:10)
      at Request.emit (events.js:315:20)
      at IncomingMessage.<anonymous> (/usr/local/lib/node_modules/yarn/lib/cli.js:141642:12)
      at Object.onceWrapper (events.js:421:28)
      at IncomingMessage.emit (events.js:327:22)
      at endReadableNT (_stream_readable.js:1224:12)
      at processTicksAndRejections (internal/process/task_queues.js:84:21)

npm manifest: 
  {
    "name": "open-react-template",
    "version": "0.1.0",
    "private": true,
    "dependencies": {
      "classnames": "^2.2.6",
      "eth-lib": "^0.1.29",
      "lodash": "^4.17.15",
      "react": "^16.13.1",
      "react-dom": "^16.13.1",
      "react-ga": "^2.7.0",
      "react-router-dom": "^5.1.2",
      "react-scripts": "^3.4.1",
      "sass": "^1.49.7",
      "web3": "^1.7.1"
    },
    "repository": {
      "type": "git",
      "url": "https://github.com/cruip/open-react-template.git"
    },
    "scripts": {
      "start": "react-scripts start",
      "build": "react-scripts build",
      "test": "react-scripts test",
      "eject": "react-scripts eject"
    },
    "eslintConfig": {
      "extends": "react-app"
    },
    "browserslist": {
      "production": [
        ">0.2%",
        "not dead",
        "not op_mini all"
      ],
      "development": [
        "last 1 chrome version",
        "last 1 firefox version",
        "last 1 safari version"
      ]
    }
  }

yarn manifest: 
  No manifest

Lockfile: 
  No lockfile
